[debug] [2025-12-17T09:30:43.537Z] [Firebase Plugin] Activating Firebase extension.
[debug] [2025-12-17T09:30:54.614Z] [Firebase Plugin] requireAuthWrapper
[debug] [2025-12-17T09:30:54.617Z] > command requires scopes: ["email","openid","https://www.googleapis.com/auth/cloudplatformprojects.readonly","https://www.googleapis.com/auth/firebase","https://www.googleapis.com/auth/cloud-platform"]
[debug] [2025-12-17T09:30:54.618Z] > authorizing via signed-in user (florian.jove.garcia@gmail.com)
[debug] [2025-12-17T09:30:54.620Z] Checked if tokens are valid: false, expires at: 1765877860031
[debug] [2025-12-17T09:30:54.620Z] Checked if tokens are valid: false, expires at: 1765877860031
[debug] [2025-12-17T09:30:54.621Z] > refreshing access token with scopes: []
[debug] [2025-12-17T09:30:54.622Z] >>> [apiv2][query] POST https://www.googleapis.com/oauth2/v3/token [none]
[debug] [2025-12-17T09:30:54.622Z] >>> [apiv2][body] POST https://www.googleapis.com/oauth2/v3/token [omitted]
[debug] [2025-12-17T09:30:54.630Z] [Firebase Plugin] VSCode notification server listening on port 40001
[info] [Firebase Plugin] Starting Data Connect toolkit (version 3.0.0) on port 50001
[debug] [2025-12-17T09:30:56.903Z] I1217 10:30:56.873040   20084 control.go:94] [/emulator/streamforge 65e3] UpdateResources(): done
Main schema: sources: schema\schema.gql [1992B] 
Connector "example": sources: example\mutations.gql [1243B] example\queries.gql [1801B] 
 {"metadata":{"emulator":{"name":"dataconnect"},"message":"I1217 10:30:56.873040   20084 control.go:94] [/emulator/streamforge 65e3] UpdateResources(): done\nMain schema: sources: schema\\schema.gql [1992B] \nConnector \"example\": sources: example\\mutations.gql [1243B] example\\queries.gql [1801B] \n"}}
[debug] [2025-12-17T09:30:56.904Z] Ignoring unsupported arg: auto_download {"metadata":{"emulator":{"name":"dataconnect"},"message":"Ignoring unsupported arg: auto_download"}}
[debug] [2025-12-17T09:30:56.904Z] Ignoring unsupported arg: port {"metadata":{"emulator":{"name":"dataconnect"},"message":"Ignoring unsupported arg: port"}}
[debug] [2025-12-17T09:30:56.904Z] Starting Data Connect Emulator with command {"binary":"C:\\Users\\flori\\.cache\\firebase\\emulators\\dataconnect-emulator-3.0.0.exe","args":["--logtostderr","-v=2","dev","--listen=localhost:50001","--config_dir=c:\\Users\\flori\\Documents\\Projet\\Stream Forge\\dataconnect","--enable_output_schema_extensions=true","--enable_output_generated_sdk=true"],"optionalArgs":["listen","config_dir","enable_output_schema_extensions","enable_output_generated_sdk"],"joinArgs":true,"shell":false,"port":9399} {"metadata":{"emulator":{"name":"dataconnect"},"message":"Starting Data Connect Emulator with command {\"binary\":\"C:\\\\Users\\\\flori\\\\.cache\\\\firebase\\\\emulators\\\\dataconnect-emulator-3.0.0.exe\",\"args\":[\"--logtostderr\",\"-v=2\",\"dev\",\"--listen=localhost:50001\",\"--config_dir=c:\\\\Users\\\\flori\\\\Documents\\\\Projet\\\\Stream Forge\\\\dataconnect\",\"--enable_output_schema_extensions=true\",\"--enable_output_generated_sdk=true\"],\"optionalArgs\":[\"listen\",\"config_dir\",\"enable_output_schema_extensions\",\"enable_output_generated_sdk\"],\"joinArgs\":true,\"shell\":false,\"port\":9399}"}}
[info] i  dataconnect: Data Connect Emulator logging to dataconnect-debug.log {"metadata":{"emulator":{"name":"dataconnect"},"message":"Data Connect Emulator logging to \u001b[1mdataconnect-debug.log\u001b[22m"}}
[debug] [2025-12-17T09:30:57.175Z] I1217 10:30:57.047937   25720 load.go:31] Reloading schema and connectors...
I1217 10:30:57.104342   25720 control.go:94] [/emulator/streamforge 7547] UpdateResources(): done
Main schema: sources: schema\schema.gql [1992B] 
Connector "example": sources: example\mutations.gql [1243B] example\queries.gql [1801B] 
I1217 10:30:57.126609   25720 codegen.go:80] [connector "example" javascriptSdk] Generating sources into "c:\\Users\\flori\\Documents\\Projet\\Stream Forge\\src\\dataconnect-generated"
I1217 10:30:57.135946   25720 collector.go:107] schema extensions wrote into "c:\\Users\\flori\\Documents\\Projet\\Stream Forge\\dataconnect\\.dataconnect\\schema"
Generated sources: main\mutation.gql [13679B] prelude.gql [73219B] main\implicit.gql [1261B] main\input.gql [28173B] main\relation.gql [14318B] main\query.gql [5099B] 
I1217 10:30:57.153114   25720 collector.go:107] connector "example" javascriptSdk wrote into "c:\\Users\\flori\\Documents\\Projet\\Stream Forge\\src\\dataconnect-generated"
Generated sources: package.json [863B] react\index.d.ts [3961B] react\README.md [48299B] esm\index.esm.js [3561B] react\esm\package.json [17B] index.cjs.js [4051B] react\package.json [460B] react\esm\index.esm.js [3269B] .guides/usage.md [3489B] .guides/config.json [236B] index.d.ts [8025B] esm\package.json [17B] README.md [40931B] react\index.cjs.js [3439B] .guides/setup.md [1682B] 
I1217 10:30:57.162087   25720 installsdk.go:55] Package @dataconnect/generated is already installed. Skipping installation
I1217 10:30:57.162087   25720 load.go:109] Finished reloading
I1217 10:30:57.175179   25720 dev.go:104] Listening on address (HTTP + gRPC): 127.0.0.1:50001
 {"metadata":{"emulator":{"name":"dataconnect"},"message":"I1217 10:30:57.047937   25720 load.go:31] Reloading schema and connectors...\nI1217 10:30:57.104342   25720 control.go:94] [/emulator/streamforge 7547] UpdateResources(): done\nMain schema: sources: schema\\schema.gql [1992B] \nConnector \"example\": sources: example\\mutations.gql [1243B] example\\queries.gql [1801B] \nI1217 10:30:57.126609   25720 codegen.go:80] [connector \"example\" javascriptSdk] Generating sources into \"c:\\\\Users\\\\flori\\\\Documents\\\\Projet\\\\Stream Forge\\\\src\\\\dataconnect-generated\"\nI1217 10:30:57.135946   25720 collector.go:107] schema extensions wrote into \"c:\\\\Users\\\\flori\\\\Documents\\\\Projet\\\\Stream Forge\\\\dataconnect\\\\.dataconnect\\\\schema\"\nGenerated sources: main\\mutation.gql [13679B] prelude.gql [73219B] main\\implicit.gql [1261B] main\\input.gql [28173B] main\\relation.gql [14318B] main\\query.gql [5099B] \nI1217 10:30:57.153114   25720 collector.go:107] connector \"example\" javascriptSdk wrote into \"c:\\\\Users\\\\flori\\\\Documents\\\\Projet\\\\Stream Forge\\\\src\\\\dataconnect-generated\"\nGenerated sources: package.json [863B] react\\index.d.ts [3961B] react\\README.md [48299B] esm\\index.esm.js [3561B] react\\esm\\package.json [17B] index.cjs.js [4051B] react\\package.json [460B] react\\esm\\index.esm.js [3269B] .guides/usage.md [3489B] .guides/config.json [236B] index.d.ts [8025B] esm\\package.json [17B] README.md [40931B] react\\index.cjs.js [3439B] .guides/setup.md [1682B] \nI1217 10:30:57.162087   25720 installsdk.go:55] Package @dataconnect/generated is already installed. Skipping installation\nI1217 10:30:57.162087   25720 load.go:109] Finished reloading\nI1217 10:30:57.175179   25720 dev.go:104] Listening on address (HTTP + gRPC): 127.0.0.1:50001\n"}}
[debug] [2025-12-17T09:30:57.222Z] <<< [apiv2][status] POST https://www.googleapis.com/oauth2/v3/token 200
[debug] [2025-12-17T09:30:57.222Z] <<< [apiv2][body] POST https://www.googleapis.com/oauth2/v3/token [omitted]
[debug] [2025-12-17T09:30:57.236Z] [Firebase Plugin] User found:  florian.jove.garcia@gmail.com
[info] [Firebase Plugin] (Core:Project) New user detected, fetching projects
[debug] [2025-12-17T09:30:57.237Z] Checked if tokens are valid: true, expires at: 1765967456223
[debug] [2025-12-17T09:30:57.238Z] >>> [apiv2][query] GET https://firebase.googleapis.com/v1beta1/projects pageSize=1000
[debug] [2025-12-17T09:30:57.644Z] I1217 10:30:57.628797   25720 engine.go:179] [/emulator/streamforge 7547] ExecuteGraphqlRead IntrospectionQuery: succeeded. 
 {"metadata":{"emulator":{"name":"dataconnect"},"message":"I1217 10:30:57.628797   25720 engine.go:179] [/emulator/streamforge 7547] ExecuteGraphqlRead IntrospectionQuery: succeeded. \n"}}
[debug] [2025-12-17T09:30:58.019Z] <<< [apiv2][status] GET https://firebase.googleapis.com/v1beta1/projects 200
[debug] [2025-12-17T09:30:58.020Z] <<< [apiv2][body] GET https://firebase.googleapis.com/v1beta1/projects [omitted]
[info] [Firebase Plugin] Stopping Data Connect toolkit
